c:\users\benjamin.moore\documents\virtual\tinyobj\grahpictut1\graphictut\debug\vc140.pdb
c:\users\benjamin.moore\documents\virtual\tinyobj\grahpictut1\graphictut\debug\vc140.idb
c:\users\benjamin.moore\documents\virtual\tinyobj\grahpictut1\graphictut\debug\application.obj
c:\users\benjamin.moore\documents\virtual\tinyobj\grahpictut1\graphictut\debug\controllerhitreport.obj
c:\users\benjamin.moore\documents\virtual\tinyobj\grahpictut1\graphictut\debug\particles.obj
c:\users\benjamin.moore\documents\virtual\tinyobj\grahpictut1\graphictut\debug\program.obj
c:\users\benjamin.moore\documents\virtual\tinyobj\grahpictut1\graphictut\debug\camera.obj
c:\users\benjamin.moore\documents\virtual\tinyobj\grahpictut1\graphictut\debug\gizmos.obj
c:\users\benjamin.moore\documents\virtual\tinyobj\grahpictut1\graphictut\debug\grid.obj
c:\users\benjamin.moore\documents\virtual\tinyobj\grahpictut1\graphictut\debug\importobj.obj
c:\users\benjamin.moore\documents\virtual\tinyobj\grahpictut1\graphictut\debug\main.obj
c:\users\benjamin.moore\documents\virtual\tinyobj\grahpictut1\graphictut\debug\project.obj
c:\users\benjamin.moore\documents\virtual\tinyobj\grahpictut1\graphictut\debug\rendertargets.obj
c:\users\benjamin.moore\documents\virtual\tinyobj\grahpictut1\graphictut\debug\playercontroller.obj
c:\users\benjamin.moore\documents\virtual\tinyobj\grahpictut1\graphictut\debug\shapes.obj
c:\users\benjamin.moore\documents\virtual\tinyobj\grahpictut1\graphictut\debug\textureloader.obj
c:\users\benjamin.moore\documents\virtual\tinyobj\grahpictut1\graphictut\debug\tiny_obj_loader.obj
c:\users\benjamin.moore\documents\virtual\tinyobj\grahpictut1\graphictut\debug\window.obj
c:\users\benjamin.moore\documents\virtual\tinyobj\grahpictut1\graphictut\debug\terraingen.obj
c:\users\benjamin.moore\documents\virtual\tinyobj\grahpictut1\graphictut\debug\graphictut.tlog\cl.command.1.tlog
c:\users\benjamin.moore\documents\virtual\tinyobj\grahpictut1\graphictut\debug\graphictut.tlog\cl.read.1.tlog
c:\users\benjamin.moore\documents\virtual\tinyobj\grahpictut1\graphictut\debug\graphictut.tlog\cl.write.1.tlog
